INFO   search_by_title.py [line:128]  https://m.weibo.cn/api/container/getIndex?containerid=100103type%3D1%26q%3Diphon14&page_type=searchall&page=3 done successfully  2022-09-18 21:27:34,646
INFO   search_by_title.py [line:128]  https://m.weibo.cn/api/container/getIndex?containerid=100103type%3D1%26q%3Diphon14&page_type=searchall&page=2 done successfully  2022-09-18 21:27:34,745
INFO   search_by_title.py [line:128]  https://m.weibo.cn/api/container/getIndex?containerid=100103type%3D1%26q%3Diphon14&page_type=searchall done successfully  2022-09-18 21:27:34,902
INFO   search_by_title.py [line:128]  https://m.weibo.cn/api/container/getIndex?containerid=100103type%3D1%26q%3Diphon14&page_type=searchall&page=5 done successfully  2022-09-18 21:27:35,015
INFO   search_by_title.py [line:128]  https://m.weibo.cn/api/container/getIndex?containerid=100103type%3D1%26q%3Diphon14&page_type=searchall&page=4 done successfully  2022-09-18 21:27:35,016
INFO   search_by_title.py [line:128]  https://m.weibo.cn/api/container/getIndex?containerid=100103type%3D1%26q%3Diphon14&page_type=searchall&page=6 done successfully  2022-09-18 21:27:35,241
INFO   search_by_title.py [line:128]  https://m.weibo.cn/api/container/getIndex?containerid=100103type%3D1%26q%3Diphon14&page_type=searchall&page=8 done successfully  2022-09-18 21:27:35,307
INFO   search_by_title.py [line:128]  https://m.weibo.cn/api/container/getIndex?containerid=100103type%3D1%26q%3Diphon14&page_type=searchall&page=7 done successfully  2022-09-18 21:27:35,307
INFO   search_by_title.py [line:128]  https://m.weibo.cn/api/container/getIndex?containerid=100103type%3D1%26q%3Diphon14&page_type=searchall&page=9 done successfully  2022-09-18 21:27:35,480
INFO   search_by_title.py [line:165]  https://m.weibo.cn/statuses/extend?id=4814625861010441 registered into the loop  2022-09-18 21:27:35,484
INFO   search_by_title.py [line:128]  https://m.weibo.cn/statuses/extend?id=4814625861010441 done successfully  2022-09-18 21:27:35,578
INFO   search_by_title.py [line:165]  https://m.weibo.cn/statuses/extend?id=4814606394984789 registered into the loop  2022-09-18 21:27:35,578
INFO   search_by_title.py [line:128]  https://m.weibo.cn/statuses/extend?id=4814606394984789 done successfully  2022-09-18 21:27:35,688
INFO   search_by_title.py [line:165]  https://m.weibo.cn/statuses/extend?id=4811541470511423 registered into the loop  2022-09-18 21:27:35,689
INFO   search_by_title.py [line:128]  https://m.weibo.cn/statuses/extend?id=4811541470511423 done successfully  2022-09-18 21:27:35,831
INFO   search_by_title.py [line:165]  https://m.weibo.cn/statuses/extend?id=4751950295339577 registered into the loop  2022-09-18 21:27:35,834
INFO   search_by_title.py [line:128]  https://m.weibo.cn/statuses/extend?id=4751950295339577 done successfully  2022-09-18 21:27:35,950
WARNING   search_by_title.py [line:173]  https://m.weibo.cn/api/container/getIndex?containerid=100103type%3D1%26q%3Diphon14&page_type=searchall&page=4 data does not exist.   2022-09-18 21:27:35,950
WARNING   search_by_title.py [line:173]  https://m.weibo.cn/api/container/getIndex?containerid=100103type%3D1%26q%3Diphon14&page_type=searchall&page=5 data does not exist.   2022-09-18 21:27:35,950
WARNING   search_by_title.py [line:173]  https://m.weibo.cn/api/container/getIndex?containerid=100103type%3D1%26q%3Diphon14&page_type=searchall&page=6 data does not exist.   2022-09-18 21:27:35,950
WARNING   search_by_title.py [line:173]  https://m.weibo.cn/api/container/getIndex?containerid=100103type%3D1%26q%3Diphon14&page_type=searchall&page=7 data does not exist.   2022-09-18 21:27:35,950
WARNING   search_by_title.py [line:173]  https://m.weibo.cn/api/container/getIndex?containerid=100103type%3D1%26q%3Diphon14&page_type=searchall&page=8 data does not exist.   2022-09-18 21:27:35,950
WARNING   search_by_title.py [line:173]  https://m.weibo.cn/api/container/getIndex?containerid=100103type%3D1%26q%3Diphon14&page_type=searchall&page=9 data does not exist.   2022-09-18 21:27:35,950
