INFO   search_by_uid.py [line:132]  https://weibo.cn/u/6593199887 done successfully  2022-09-18 03:43:40,529
INFO   search_by_uid.py [line:132]  https://weibo.cn/comment/M63vuBqyN?uid=6593199887 done successfully  2022-09-18 03:43:40,908
INFO   search_by_uid.py [line:132]  https://weibo.cn/comment/M63nn6xZt?uid=6593199887 done successfully  2022-09-18 03:43:41,049
INFO   search_by_uid.py [line:132]  https://weibo.cn/comment/M6auZmVmT?uid=6593199887 done successfully  2022-09-18 03:43:41,050
INFO   search_by_uid.py [line:132]  https://weibo.cn/comment/M6a7E4XNc?uid=6593199887 done successfully  2022-09-18 03:43:41,233
INFO   search_by_uid.py [line:132]  https://weibo.cn/comment/M6c3cqzgp?uid=6593199887 done successfully  2022-09-18 03:43:41,262
INFO   search_by_uid.py [line:132]  https://weibo.cn/comment/M69tL8M3i?uid=6593199887 done successfully  2022-09-18 03:43:41,297
INFO   search_by_uid.py [line:132]  https://weibo.cn/comment/M69kJqJdA?uid=6593199887 done successfully  2022-09-18 03:43:41,376
INFO   search_by_uid.py [line:132]  https://weibo.cn/comment/M69mLB9eP?uid=6593199887 done successfully  2022-09-18 03:43:41,429
INFO   search_by_uid.py [line:132]  https://weibo.cn/comment/M69iJ1F58?uid=6593199887 done successfully  2022-09-18 03:43:41,638
INFO   search_by_uid.py [line:132]  https://weibo.cn/comment/M68VFFsdo?uid=6593199887 done successfully  2022-09-18 03:43:41,650
INFO   search_by_uid.py [line:132]  https://weibo.cn/comment/M68w0taso?uid=6593199887 done successfully  2022-09-18 03:43:41,776
INFO   search_by_uid.py [line:132]  https://weibo.cn/comment/M644ZnHOR?uid=6593199887 done successfully  2022-09-18 03:43:41,790
INFO   search_by_uid.py [line:132]  https://weibo.cn/comment/M4WLme8mG?uid=1752825395 done successfully  2022-09-18 03:43:41,925
INFO   search_by_uid.py [line:132]  https://weibo.cn/comment/M63vuBqyN?uid=6593199887&page=3 done successfully  2022-09-18 03:43:42,243
INFO   search_by_uid.py [line:132]  https://weibo.cn/comment/M63vuBqyN?uid=6593199887&page=2 done successfully  2022-09-18 03:43:42,263
INFO   search_by_uid.py [line:132]  https://weibo.cn/comment/M63nn6xZt?uid=6593199887&page=2 done successfully  2022-09-18 03:43:42,686
INFO   search_by_uid.py [line:132]  https://weibo.cn/comment/M63nn6xZt?uid=6593199887&page=3 done successfully  2022-09-18 03:43:42,694
INFO   search_by_uid.py [line:132]  https://weibo.cn/comment/M6c3cqzgp?uid=6593199887&page=3 done successfully  2022-09-18 03:43:43,148
INFO   search_by_uid.py [line:132]  https://weibo.cn/comment/M6c3cqzgp?uid=6593199887&page=2 done successfully  2022-09-18 03:43:43,205
INFO   search_by_uid.py [line:132]  https://weibo.cn/comment/M6auZmVmT?uid=6593199887&page=2 done successfully  2022-09-18 03:43:43,610
INFO   search_by_uid.py [line:132]  https://weibo.cn/comment/M6auZmVmT?uid=6593199887&page=3 done successfully  2022-09-18 03:43:43,610
INFO   search_by_uid.py [line:132]  https://weibo.cn/comment/M69tL8M3i?uid=6593199887&page=3 done successfully  2022-09-18 03:43:44,044
INFO   search_by_uid.py [line:132]  https://weibo.cn/comment/M69tL8M3i?uid=6593199887&page=2 done successfully  2022-09-18 03:43:44,065
INFO   search_by_uid.py [line:132]  https://weibo.cn/comment/M69mLB9eP?uid=6593199887&page=2 done successfully  2022-09-18 03:43:44,690
INFO   search_by_uid.py [line:132]  https://weibo.cn/comment/M69mLB9eP?uid=6593199887&page=3 done successfully  2022-09-18 03:43:44,691
INFO   search_by_uid.py [line:132]  https://weibo.cn/comment/M69kJqJdA?uid=6593199887&page=2 done successfully  2022-09-18 03:43:45,325
INFO   search_by_uid.py [line:132]  https://weibo.cn/comment/M69kJqJdA?uid=6593199887&page=3 done successfully  2022-09-18 03:43:45,325
INFO   search_by_uid.py [line:132]  https://weibo.cn/comment/M69iJ1F58?uid=6593199887&page=3 done successfully  2022-09-18 03:43:45,710
INFO   search_by_uid.py [line:132]  https://weibo.cn/comment/M69iJ1F58?uid=6593199887&page=2 done successfully  2022-09-18 03:43:45,730
INFO   search_by_uid.py [line:132]  https://weibo.cn/comment/M68VFFsdo?uid=6593199887&page=2 done successfully  2022-09-18 03:43:46,049
INFO   search_by_uid.py [line:132]  https://weibo.cn/comment/M68VFFsdo?uid=6593199887&page=3 done successfully  2022-09-18 03:43:46,071
INFO   search_by_uid.py [line:132]  https://weibo.cn/comment/M68w0taso?uid=6593199887&page=3 done successfully  2022-09-18 03:43:46,617
INFO   search_by_uid.py [line:132]  https://weibo.cn/comment/M68w0taso?uid=6593199887&page=2 done successfully  2022-09-18 03:43:46,617
INFO   search_by_uid.py [line:132]  https://weibo.cn/comment/M644ZnHOR?uid=6593199887&page=2 done successfully  2022-09-18 03:43:46,976
INFO   search_by_uid.py [line:132]  https://weibo.cn/comment/M644ZnHOR?uid=6593199887&page=3 done successfully  2022-09-18 03:43:47,049
INFO   search_by_uid.py [line:132]  https://weibo.cn/comment/M4WLme8mG?uid=1752825395&page=3 done successfully  2022-09-18 03:43:47,577
INFO   search_by_uid.py [line:132]  https://weibo.cn/comment/M4WLme8mG?uid=1752825395&page=2 done successfully  2022-09-18 03:43:47,582
INFO   search_by_uid.py [line:132]  https://weibo.cn/u/6593199887?page=2 done successfully  2022-09-18 03:43:47,896
INFO   search_by_uid.py [line:132]  https://weibo.cn/comment/M63JHcJep?uid=6593199887 done successfully  2022-09-18 03:43:48,208
INFO   search_by_uid.py [line:132]  https://weibo.cn/comment/M63ZWcHyQ?uid=6593199887 done successfully  2022-09-18 03:43:48,250
INFO   search_by_uid.py [line:132]  https://weibo.cn/comment/M63LJ3lee?uid=6593199887 done successfully  2022-09-18 03:43:48,250
INFO   search_by_uid.py [line:132]  https://weibo.cn/comment/M63Ox4TYd?uid=6593199887 done successfully  2022-09-18 03:43:48,322
INFO   search_by_uid.py [line:132]  https://weibo.cn/comment/M63HEEWFf?uid=6593199887 done successfully  2022-09-18 03:43:48,346
INFO   search_by_uid.py [line:132]  https://weibo.cn/comment/M63CouVZ8?uid=6593199887 done successfully  2022-09-18 03:43:48,543
INFO   search_by_uid.py [line:132]  https://weibo.cn/comment/M62h8uzAg?uid=6593199887 done successfully  2022-09-18 03:43:48,602
INFO   search_by_uid.py [line:132]  https://weibo.cn/comment/M63BAi8CB?uid=6593199887 done successfully  2022-09-18 03:43:48,628
INFO   search_by_uid.py [line:132]  https://weibo.cn/comment/M63ZWcHyQ?uid=6593199887&page=3 done successfully  2022-09-18 03:43:48,877
INFO   search_by_uid.py [line:132]  https://weibo.cn/comment/M63ZWcHyQ?uid=6593199887&page=2 done successfully  2022-09-18 03:43:49,177
INFO   search_by_uid.py [line:132]  https://weibo.cn/comment/M63Ox4TYd?uid=6593199887&page=2 done successfully  2022-09-18 03:43:49,545
INFO   search_by_uid.py [line:132]  https://weibo.cn/comment/M63Ox4TYd?uid=6593199887&page=3 done successfully  2022-09-18 03:43:49,643
INFO   search_by_uid.py [line:132]  https://weibo.cn/comment/M63LJ3lee?uid=6593199887&page=2 done successfully  2022-09-18 03:43:49,972
INFO   search_by_uid.py [line:132]  https://weibo.cn/comment/M63LJ3lee?uid=6593199887&page=3 done successfully  2022-09-18 03:43:50,009
INFO   search_by_uid.py [line:132]  https://weibo.cn/comment/M63JHcJep?uid=6593199887&page=3 done successfully  2022-09-18 03:43:50,323
INFO   search_by_uid.py [line:132]  https://weibo.cn/comment/M63JHcJep?uid=6593199887&page=2 done successfully  2022-09-18 03:43:50,343
INFO   search_by_uid.py [line:132]  https://weibo.cn/comment/M63HEEWFf?uid=6593199887&page=2 done successfully  2022-09-18 03:43:50,778
INFO   search_by_uid.py [line:132]  https://weibo.cn/comment/M63HEEWFf?uid=6593199887&page=3 done successfully  2022-09-18 03:43:50,778
INFO   search_by_uid.py [line:132]  https://weibo.cn/comment/M63CouVZ8?uid=6593199887&page=2 done successfully  2022-09-18 03:43:51,118
INFO   search_by_uid.py [line:132]  https://weibo.cn/comment/M63CouVZ8?uid=6593199887&page=3 done successfully  2022-09-18 03:43:51,195
INFO   search_by_uid.py [line:132]  https://weibo.cn/comment/M63BAi8CB?uid=6593199887&page=3 done successfully  2022-09-18 03:43:51,745
INFO   search_by_uid.py [line:132]  https://weibo.cn/comment/M63BAi8CB?uid=6593199887&page=2 done successfully  2022-09-18 03:43:51,748
INFO   search_by_uid.py [line:132]  https://weibo.cn/comment/M62h8uzAg?uid=6593199887&page=3 done successfully  2022-09-18 03:43:52,385
INFO   search_by_uid.py [line:132]  https://weibo.cn/comment/M62h8uzAg?uid=6593199887&page=2 done successfully  2022-09-18 03:43:52,385
INFO   search_by_uid.py [line:132]  https://weibo.cn/u/6593199887?page=3 done successfully  2022-09-18 03:43:52,714
