INFO   search_by_title.py [line:146]  https://m.weibo.cn/api/container/getIndex?containerid=100103type%3D1%26q%3D%E7%96%AB%E6%83%85&page_type=searchall&page=2 done successfully  2022-10-15 17:41:36,383
INFO   search_by_title.py [line:146]  https://m.weibo.cn/api/container/getIndex?containerid=100103type%3D1%26q%3D%E7%96%AB%E6%83%85&page_type=searchall done successfully  2022-10-15 17:41:36,455
INFO   search_by_title.py [line:146]  https://m.weibo.cn/api/container/getIndex?containerid=100103type%3D1%26q%3D%E7%96%AB%E6%83%85&page_type=searchall&page=3 done successfully  2022-10-15 17:41:36,705
INFO   search_by_title.py [line:146]  https://m.weibo.cn/api/container/getIndex?containerid=100103type%3D1%26q%3D%E7%96%AB%E6%83%85&page_type=searchall&page=4 done successfully  2022-10-15 17:41:36,833
INFO   search_by_title.py [line:146]  https://m.weibo.cn/api/container/getIndex?containerid=100103type%3D1%26q%3D%E7%96%AB%E6%83%85&page_type=searchall&page=5 done successfully  2022-10-15 17:41:37,035
INFO   search_by_title.py [line:146]  https://m.weibo.cn/api/container/getIndex?containerid=100103type%3D1%26q%3D%E7%96%AB%E6%83%85&page_type=searchall&page=6 done successfully  2022-10-15 17:41:37,287
INFO   search_by_title.py [line:146]  https://m.weibo.cn/api/container/getIndex?containerid=100103type%3D1%26q%3D%E7%96%AB%E6%83%85&page_type=searchall&page=7 done successfully  2022-10-15 17:41:37,334
INFO   search_by_title.py [line:146]  https://m.weibo.cn/api/container/getIndex?containerid=100103type%3D1%26q%3D%E7%96%AB%E6%83%85&page_type=searchall&page=8 done successfully  2022-10-15 17:41:37,555
INFO   search_by_title.py [line:146]  https://m.weibo.cn/api/container/getIndex?containerid=100103type%3D1%26q%3D%E7%96%AB%E6%83%85&page_type=searchall&page=9 done successfully  2022-10-15 17:41:37,634
INFO   search_by_title.py [line:190]  https://m.weibo.cn/statuses/extend?id=4824851921241350 registered into the loop  2022-10-15 17:41:37,639
INFO   search_by_title.py [line:146]  https://m.weibo.cn/statuses/extend?id=4824851921241350 done successfully  2022-10-15 17:41:38,754
INFO   search_by_title.py [line:190]  https://m.weibo.cn/statuses/extend?id=4824890039865423 registered into the loop  2022-10-15 17:41:38,765
INFO   search_by_title.py [line:146]  https://m.weibo.cn/statuses/extend?id=4824890039865423 done successfully  2022-10-15 17:41:38,837
INFO   search_by_title.py [line:299]  12 tips of data written successfully  2022-10-15 17:41:38,876
INFO   search_by_title.py [line:190]  https://m.weibo.cn/statuses/extend?id=4824889742329410 registered into the loop  2022-10-15 17:41:38,889
INFO   search_by_title.py [line:146]  https://m.weibo.cn/statuses/extend?id=4824889742329410 done successfully  2022-10-15 17:41:38,983
INFO   search_by_title.py [line:299]  10 tips of data written successfully  2022-10-15 17:41:39,003
INFO   search_by_title.py [line:190]  https://m.weibo.cn/statuses/extend?id=4824889674433725 registered into the loop  2022-10-15 17:41:39,004
INFO   search_by_title.py [line:146]  https://m.weibo.cn/statuses/extend?id=4824889674433725 done successfully  2022-10-15 17:41:39,089
INFO   search_by_title.py [line:190]  https://m.weibo.cn/statuses/extend?id=4824889670243185 registered into the loop  2022-10-15 17:41:39,093
INFO   search_by_title.py [line:146]  https://m.weibo.cn/statuses/extend?id=4824889670243185 done successfully  2022-10-15 17:41:39,319
INFO   search_by_title.py [line:190]  https://m.weibo.cn/statuses/extend?id=4824889657137413 registered into the loop  2022-10-15 17:41:39,325
INFO   search_by_title.py [line:146]  https://m.weibo.cn/statuses/extend?id=4824889657137413 done successfully  2022-10-15 17:41:39,392
INFO   search_by_title.py [line:190]  https://m.weibo.cn/statuses/extend?id=4824889607589358 registered into the loop  2022-10-15 17:41:39,409
INFO   search_by_title.py [line:146]  https://m.weibo.cn/statuses/extend?id=4824889607589358 done successfully  2022-10-15 17:41:39,684
INFO   search_by_title.py [line:190]  https://m.weibo.cn/statuses/extend?id=4824889565123724 registered into the loop  2022-10-15 17:41:39,689
INFO   search_by_title.py [line:146]  https://m.weibo.cn/statuses/extend?id=4824889565123724 done successfully  2022-10-15 17:41:39,763
INFO   search_by_title.py [line:299]  10 tips of data written successfully  2022-10-15 17:41:39,787
INFO   search_by_title.py [line:190]  https://m.weibo.cn/statuses/extend?id=4824889331290794 registered into the loop  2022-10-15 17:41:39,794
INFO   search_by_title.py [line:146]  https://m.weibo.cn/statuses/extend?id=4824889331290794 done successfully  2022-10-15 17:41:39,900
INFO   search_by_title.py [line:190]  https://m.weibo.cn/statuses/extend?id=4824889318181934 registered into the loop  2022-10-15 17:41:39,911
INFO   search_by_title.py [line:146]  https://m.weibo.cn/statuses/extend?id=4824889318181934 done successfully  2022-10-15 17:41:39,977
INFO   search_by_title.py [line:190]  https://m.weibo.cn/statuses/extend?id=4824889304810020 registered into the loop  2022-10-15 17:41:39,980
INFO   search_by_title.py [line:146]  https://m.weibo.cn/statuses/extend?id=4824889304810020 done successfully  2022-10-15 17:41:40,097
INFO   search_by_title.py [line:190]  https://m.weibo.cn/statuses/extend?id=4824889280434824 registered into the loop  2022-10-15 17:41:40,104
INFO   search_by_title.py [line:146]  https://m.weibo.cn/statuses/extend?id=4824889280434824 done successfully  2022-10-15 17:41:40,169
INFO   search_by_title.py [line:299]  9 tips of data written successfully  2022-10-15 17:41:40,175
INFO   search_by_title.py [line:190]  https://m.weibo.cn/statuses/extend?id=4824889280434824 registered into the loop  2022-10-15 17:41:40,176
INFO   search_by_title.py [line:146]  https://m.weibo.cn/statuses/extend?id=4824889280434824 done successfully  2022-10-15 17:41:40,277
INFO   search_by_title.py [line:190]  https://m.weibo.cn/statuses/extend?id=4824889216733754 registered into the loop  2022-10-15 17:41:40,289
INFO   search_by_title.py [line:146]  https://m.weibo.cn/statuses/extend?id=4824889216733754 done successfully  2022-10-15 17:41:40,361
INFO   search_by_title.py [line:190]  https://m.weibo.cn/statuses/extend?id=4824880510403285 registered into the loop  2022-10-15 17:41:40,378
INFO   search_by_title.py [line:146]  https://m.weibo.cn/statuses/extend?id=4824880510403285 done successfully  2022-10-15 17:41:40,612
INFO   search_by_title.py [line:299]  10 tips of data written successfully  2022-10-15 17:41:40,625
INFO   search_by_title.py [line:190]  https://m.weibo.cn/statuses/extend?id=4824880510403285 registered into the loop  2022-10-15 17:41:40,631
INFO   search_by_title.py [line:146]  https://m.weibo.cn/statuses/extend?id=4824880510403285 done successfully  2022-10-15 17:41:40,752
INFO   search_by_title.py [line:190]  https://m.weibo.cn/statuses/extend?id=4824889137040744 registered into the loop  2022-10-15 17:41:40,764
INFO   search_by_title.py [line:146]  https://m.weibo.cn/statuses/extend?id=4824889137040744 done successfully  2022-10-15 17:41:40,821
INFO   search_by_title.py [line:299]  10 tips of data written successfully  2022-10-15 17:41:40,840
INFO   search_by_title.py [line:190]  https://m.weibo.cn/statuses/extend?id=4824888614064154 registered into the loop  2022-10-15 17:41:40,860
INFO   search_by_title.py [line:146]  https://m.weibo.cn/statuses/extend?id=4824888614064154 done successfully  2022-10-15 17:41:40,942
INFO   search_by_title.py [line:190]  https://m.weibo.cn/statuses/extend?id=4824888534107799 registered into the loop  2022-10-15 17:41:40,946
INFO   search_by_title.py [line:146]  https://m.weibo.cn/statuses/extend?id=4824888534107799 done successfully  2022-10-15 17:41:41,065
INFO   search_by_title.py [line:190]  https://m.weibo.cn/statuses/extend?id=4824888525719364 registered into the loop  2022-10-15 17:41:41,068
INFO   search_by_title.py [line:146]  https://m.weibo.cn/statuses/extend?id=4824888525719364 done successfully  2022-10-15 17:41:41,244
INFO   search_by_title.py [line:299]  10 tips of data written successfully  2022-10-15 17:41:41,251
INFO   search_by_title.py [line:190]  https://m.weibo.cn/statuses/extend?id=4824888525719364 registered into the loop  2022-10-15 17:41:41,251
INFO   search_by_title.py [line:146]  https://m.weibo.cn/statuses/extend?id=4824888525719364 done successfully  2022-10-15 17:41:41,418
INFO   search_by_title.py [line:190]  https://m.weibo.cn/statuses/extend?id=4824888391764921 registered into the loop  2022-10-15 17:41:41,428
INFO   search_by_title.py [line:146]  https://m.weibo.cn/statuses/extend?id=4824888391764921 done successfully  2022-10-15 17:41:41,531
INFO   search_by_title.py [line:190]  https://m.weibo.cn/statuses/extend?id=4824888349035182 registered into the loop  2022-10-15 17:41:41,536
INFO   search_by_title.py [line:146]  https://m.weibo.cn/statuses/extend?id=4824888349035182 done successfully  2022-10-15 17:41:41,616
INFO   search_by_title.py [line:190]  https://m.weibo.cn/statuses/extend?id=4824888345363735 registered into the loop  2022-10-15 17:41:41,619
INFO   search_by_title.py [line:146]  https://m.weibo.cn/statuses/extend?id=4824888345363735 done successfully  2022-10-15 17:41:41,688
INFO   search_by_title.py [line:299]  9 tips of data written successfully  2022-10-15 17:41:41,700
INFO   search_by_title.py [line:190]  https://m.weibo.cn/statuses/extend?id=4824888076403077 registered into the loop  2022-10-15 17:41:41,713
INFO   search_by_title.py [line:146]  https://m.weibo.cn/statuses/extend?id=4824888076403077 done successfully  2022-10-15 17:41:41,781
INFO   search_by_title.py [line:190]  https://m.weibo.cn/statuses/extend?id=4824888013230987 registered into the loop  2022-10-15 17:41:41,787
INFO   search_by_title.py [line:146]  https://m.weibo.cn/statuses/extend?id=4824888013230987 done successfully  2022-10-15 17:41:41,939
INFO   search_by_title.py [line:190]  https://m.weibo.cn/statuses/extend?id=4824888005364505 registered into the loop  2022-10-15 17:41:41,945
INFO   search_by_title.py [line:146]  https://m.weibo.cn/statuses/extend?id=4824888005364505 done successfully  2022-10-15 17:41:42,038
INFO   search_by_title.py [line:299]  10 tips of data written successfully  2022-10-15 17:41:42,044
