INFO   search_by_uid.py [line:132]  https://weibo.cn/u/6593199887 done successfully  2022-10-03 17:48:49,917
INFO   search_by_uid.py [line:132]  https://weibo.cn/comment/M8B8617fn?uid=6593199887 done successfully  2022-10-03 17:48:50,347
INFO   search_by_uid.py [line:132]  https://weibo.cn/comment/M7YqG1oze?uid=6593199887 done successfully  2022-10-03 17:48:50,368
INFO   search_by_uid.py [line:132]  https://weibo.cn/comment/M8BetEDQD?uid=6593199887 done successfully  2022-10-03 17:48:50,462
INFO   search_by_uid.py [line:132]  https://weibo.cn/comment/M7P0c7YMU?uid=6593199887 done successfully  2022-10-03 17:48:50,522
INFO   search_by_uid.py [line:132]  https://weibo.cn/comment/M8AWn9KIb?uid=6593199887 done successfully  2022-10-03 17:48:50,637
INFO   search_by_uid.py [line:132]  https://weibo.cn/comment/M8BaPDMLi?uid=6593199887 done successfully  2022-10-03 17:48:50,716
INFO   search_by_uid.py [line:132]  https://weibo.cn/comment/M8riHx4Oj?uid=6593199887 done successfully  2022-10-03 17:48:50,919
INFO   search_by_uid.py [line:132]  https://weibo.cn/comment/M8rwebPQT?uid=6593199887 done successfully  2022-10-03 17:48:50,968
INFO   search_by_uid.py [line:132]  https://weibo.cn/comment/M8reDsJEt?uid=6593199887 done successfully  2022-10-03 17:48:51,191
INFO   search_by_uid.py [line:132]  https://weibo.cn/comment/M82a1v2GS?uid=6593199887 done successfully  2022-10-03 17:48:51,327
INFO   search_by_uid.py [line:132]  https://weibo.cn/comment/M80OOwoAj?uid=6593199887 done successfully  2022-10-03 17:48:51,823
INFO   search_by_uid.py [line:132]  https://weibo.cn/comment/M8rHX3dnT?uid=6593199887 done successfully  2022-10-03 17:48:52,215
INFO   search_by_uid.py [line:132]  https://weibo.cn/comment/M7YqG1oze?uid=6593199887&page=3 done successfully  2022-10-03 17:48:52,641
INFO   search_by_uid.py [line:132]  https://weibo.cn/comment/M7YqG1oze?uid=6593199887&page=2 done successfully  2022-10-03 17:48:52,841
INFO   search_by_uid.py [line:132]  https://weibo.cn/comment/M7P0c7YMU?uid=6593199887&page=2 done successfully  2022-10-03 17:48:53,256
INFO   search_by_uid.py [line:132]  https://weibo.cn/comment/M7P0c7YMU?uid=6593199887&page=3 done successfully  2022-10-03 17:48:53,300
INFO   search_by_uid.py [line:132]  https://weibo.cn/comment/M8BetEDQD?uid=6593199887&page=3 done successfully  2022-10-03 17:48:53,843
INFO   search_by_uid.py [line:132]  https://weibo.cn/comment/M8BetEDQD?uid=6593199887&page=2 done successfully  2022-10-03 17:48:54,022
INFO   search_by_uid.py [line:132]  https://weibo.cn/comment/M8B8617fn?uid=6593199887&page=3 done successfully  2022-10-03 17:48:54,498
INFO   search_by_uid.py [line:132]  https://weibo.cn/comment/M8B8617fn?uid=6593199887&page=2 done successfully  2022-10-03 17:48:54,624
INFO   search_by_uid.py [line:132]  https://weibo.cn/comment/M8rHX3dnT?uid=6593199887&page=2 done successfully  2022-10-03 17:48:55,014
INFO   search_by_uid.py [line:132]  https://weibo.cn/comment/M8rHX3dnT?uid=6593199887&page=3 done successfully  2022-10-03 17:48:55,229
INFO   search_by_uid.py [line:132]  https://weibo.cn/comment/M8rwebPQT?uid=6593199887&page=2 done successfully  2022-10-03 17:48:55,598
INFO   search_by_uid.py [line:132]  https://weibo.cn/comment/M8rwebPQT?uid=6593199887&page=3 done successfully  2022-10-03 17:48:55,687
INFO   search_by_uid.py [line:132]  https://weibo.cn/comment/M8riHx4Oj?uid=6593199887&page=2 done successfully  2022-10-03 17:48:55,968
INFO   search_by_uid.py [line:132]  https://weibo.cn/comment/M8riHx4Oj?uid=6593199887&page=3 done successfully  2022-10-03 17:48:56,126
INFO   search_by_uid.py [line:132]  https://weibo.cn/comment/M8reDsJEt?uid=6593199887&page=2 done successfully  2022-10-03 17:48:56,469
INFO   search_by_uid.py [line:132]  https://weibo.cn/comment/M8reDsJEt?uid=6593199887&page=3 done successfully  2022-10-03 17:48:56,517
INFO   search_by_uid.py [line:132]  https://weibo.cn/u/6593199887?page=2 done successfully  2022-10-03 17:48:56,816
INFO   search_by_uid.py [line:132]  https://weibo.cn/comment/M80MNuBnh?uid=6593199887 done successfully  2022-10-03 17:48:57,237
INFO   search_by_uid.py [line:132]  https://weibo.cn/comment/M7Zh5A05U?uid=6593199887 done successfully  2022-10-03 17:48:57,290
INFO   search_by_uid.py [line:132]  https://weibo.cn/comment/M7Zf34FXx?uid=6593199887 done successfully  2022-10-03 17:48:57,315
INFO   search_by_uid.py [line:132]  https://weibo.cn/comment/M7YuJt0qq?uid=6593199887 done successfully  2022-10-03 17:48:57,386
INFO   search_by_uid.py [line:132]  https://weibo.cn/comment/M7YsGFPeY?uid=6593199887 done successfully  2022-10-03 17:48:57,510
INFO   search_by_uid.py [line:132]  https://weibo.cn/comment/M7Rok1ARZ?uid=6593199887 done successfully  2022-10-03 17:48:57,736
INFO   search_by_uid.py [line:132]  https://weibo.cn/comment/M7RmjA5OJ?uid=6593199887 done successfully  2022-10-03 17:48:57,786
INFO   search_by_uid.py [line:132]  https://weibo.cn/comment/M7P2c9VjV?uid=6593199887 done successfully  2022-10-03 17:48:57,838
INFO   search_by_uid.py [line:132]  https://weibo.cn/comment/M7XULppJ7?uid=6593199887 done successfully  2022-10-03 17:48:57,880
INFO   search_by_uid.py [line:132]  https://weibo.cn/comment/M80MNuBnh?uid=6593199887&page=3 done successfully  2022-10-03 17:48:58,182
INFO   search_by_uid.py [line:132]  https://weibo.cn/comment/M80MNuBnh?uid=6593199887&page=2 done successfully  2022-10-03 17:48:58,250
INFO   search_by_uid.py [line:132]  https://weibo.cn/comment/M7Zh5A05U?uid=6593199887&page=3 done successfully  2022-10-03 17:48:58,707
INFO   search_by_uid.py [line:132]  https://weibo.cn/comment/M7Zh5A05U?uid=6593199887&page=2 done successfully  2022-10-03 17:48:58,765
INFO   search_by_uid.py [line:132]  https://weibo.cn/comment/M7YuJt0qq?uid=6593199887&page=2 done successfully  2022-10-03 17:48:59,262
INFO   search_by_uid.py [line:132]  https://weibo.cn/comment/M7YuJt0qq?uid=6593199887&page=3 done successfully  2022-10-03 17:48:59,298
INFO   search_by_uid.py [line:132]  https://weibo.cn/comment/M7YsGFPeY?uid=6593199887&page=3 done successfully  2022-10-03 17:48:59,894
INFO   search_by_uid.py [line:132]  https://weibo.cn/comment/M7YsGFPeY?uid=6593199887&page=2 done successfully  2022-10-03 17:48:59,926
INFO   search_by_uid.py [line:132]  https://weibo.cn/comment/M7XULppJ7?uid=6593199887&page=3 done successfully  2022-10-03 17:49:00,437
INFO   search_by_uid.py [line:132]  https://weibo.cn/comment/M7XULppJ7?uid=6593199887&page=2 done successfully  2022-10-03 17:49:00,442
INFO   search_by_uid.py [line:132]  https://weibo.cn/comment/M7Rok1ARZ?uid=6593199887&page=3 done successfully  2022-10-03 17:49:00,821
INFO   search_by_uid.py [line:132]  https://weibo.cn/comment/M7Rok1ARZ?uid=6593199887&page=2 done successfully  2022-10-03 17:49:01,204
INFO   search_by_uid.py [line:132]  https://weibo.cn/comment/M7RmjA5OJ?uid=6593199887&page=2 done successfully  2022-10-03 17:49:01,600
INFO   search_by_uid.py [line:132]  https://weibo.cn/comment/M7RmjA5OJ?uid=6593199887&page=3 done successfully  2022-10-03 17:49:01,773
INFO   search_by_uid.py [line:132]  https://weibo.cn/comment/M7P2c9VjV?uid=6593199887&page=2 done successfully  2022-10-03 17:49:02,116
INFO   search_by_uid.py [line:132]  https://weibo.cn/comment/M7P2c9VjV?uid=6593199887&page=3 done successfully  2022-10-03 17:49:02,182
INFO   search_by_uid.py [line:132]  https://weibo.cn/u/6593199887?page=3 done successfully  2022-10-03 17:49:02,574
